---------------------------------------------------------------
[ 2017-09-06T12:40:20+08:00 ] 127.0.0.1 127.0.0.1 GET /index.php/admin/index/login
[ info ] mywork.leiyinaudio.cn/index.php/admin/index/login [运行时间：0.067004s][吞吐率：14.92req/s] [内存消耗：2,421.96kb] [文件加载：69]
[ info ] [ BEHAVIOR ] Run Closure @app_init [ RunTime:0.000000s ]
[ info ] [ CACHE ] INIT File
[ info ] [ BEHAVIOR ] Run Closure @app_init [ RunTime:0.005000s ]
[ info ] [ ROUTE ] array (
  'type' => 'module',
  'module' => 
  array (
    0 => 'admin',
    1 => 'index',
    2 => 'login',
  ),
)
[ info ] [ HEADER ] array (
  'host' => 'mywork.leiyinaudio.cn',
  'connection' => 'keep-alive',
  'upgrade-insecure-requests' => '1',
  'user-agent' => 'Mozilla/5.0 (Windows NT 6.1; Win64; x64) AppleWebKit/537.36 (KHTML, like Gecko) Chrome/59.0.3071.115 Safari/537.36',
  'accept' => 'text/html,application/xhtml+xml,application/xml;q=0.9,image/webp,image/apng,*/*;q=0.8',
  'referer' => 'http://mywork.leiyinaudio.cn/install.php',
  'accept-encoding' => 'gzip, deflate',
  'accept-language' => 'zh,zh-CN;q=0.8,en-US;q=0.6,en;q=0.4',
)
[ info ] [ PARAM ] array (
)
[ info ] [ BEHAVIOR ] Run app\common\behavior\Common @module_init [ RunTime:0.001000s ]
[ info ] [ SESSION ] INIT array (
  'id' => '',
  'var_session_id' => '',
  'prefix' => 'think',
  'type' => '',
  'auto_start' => true,
)
[ info ] [ RUN ] app\admin\controller\Index->login[ F:\xampp\htdocs\mywork.leiyinaudio.com\application\admin\controller\Index.php ]
[ info ] [ VIEW ] F:\xampp\htdocs\mywork.leiyinaudio.com\public/../application/admin\view\index\login.html [ array (
  0 => 'breadcrumb',
  1 => 'site',
  2 => 'config',
  3 => 'auth',
  4 => 'admin',
  5 => 'background',
) ]
[ info ] [ BEHAVIOR ] Run app\admin\behavior\AdminLog @app_end [ RunTime:0.001000s ]
[ info ] [ LOG ] INIT File
---------------------------------------------------------------
[ 2017-09-06T12:40:21+08:00 ] 127.0.0.1 127.0.0.1 GET /index.php/admin/ajax/lang?callback=define&controllername=index&v=1504672820
[ info ] mywork.leiyinaudio.cn/index.php/admin/ajax/lang?callback=define&controllername=index&v=1504672820 [运行时间：0.059002s][吞吐率：16.95req/s] [内存消耗：2,287.57kb] [文件加载：65]
[ info ] [ BEHAVIOR ] Run Closure @app_init [ RunTime:0.000000s ]
[ info ] [ CACHE ] INIT File
[ info ] [ BEHAVIOR ] Run Closure @app_init [ RunTime:0.003000s ]
[ info ] [ ROUTE ] array (
  'type' => 'module',
  'module' => 
  array (
    0 => 'admin',
    1 => 'ajax',
    2 => 'lang',
  ),
)
[ info ] [ HEADER ] array (
  'host' => 'mywork.leiyinaudio.cn',
  'connection' => 'keep-alive',
  'user-agent' => 'Mozilla/5.0 (Windows NT 6.1; Win64; x64) AppleWebKit/537.36 (KHTML, like Gecko) Chrome/59.0.3071.115 Safari/537.36',
  'accept' => '*/*',
  'referer' => 'http://mywork.leiyinaudio.cn/index.php/admin/index/login',
  'accept-encoding' => 'gzip, deflate',
  'accept-language' => 'zh,zh-CN;q=0.8,en-US;q=0.6,en;q=0.4',
  'cookie' => 'PHPSESSID=kkvpm8nfnrvf6uqq96iim0ggi1',
)
[ info ] [ PARAM ] array (
  'callback' => 'define',
  'controllername' => 'index',
  'v' => '1504672820',
)
[ info ] [ BEHAVIOR ] Run app\common\behavior\Common @module_init [ RunTime:0.000000s ]
[ info ] [ SESSION ] INIT array (
  'id' => '',
  'var_session_id' => '',
  'prefix' => 'think',
  'type' => '',
  'auto_start' => true,
)
[ info ] [ RUN ] app\admin\controller\Ajax->lang[ F:\xampp\htdocs\mywork.leiyinaudio.com\application\admin\controller\Ajax.php ]
[ info ] [ BEHAVIOR ] Run app\admin\behavior\AdminLog @app_end [ RunTime:0.000000s ]
[ info ] [ LOG ] INIT File
